10:47:23.407 [hu.unideb.kgsoft.scrabble.Main.main()] INFO  hu.unideb.kgsoft.scrabble.Main - Application started.
10:47:23.501 [hu.unideb.kgsoft.scrabble.Main.main()] INFO  hu.unideb.kgsoft.scrabble.Main - Initializing Controller class with dictionary file '/hu_HU.dic'...
10:47:23.503 [hu.unideb.kgsoft.scrabble.Main.main()] INFO  hu.unideb.kgsoft.scrabble.Main - Controller class initialization...
10:47:24.626 [hu.unideb.kgsoft.scrabble.Main.main()] INFO  hu.unideb.kgsoft.scrabble.Main - Controller class initialized.
10:47:24.636 [hu.unideb.kgsoft.scrabble.Main.main()] INFO  hu.unideb.kgsoft.scrabble.Main - Starting GUI...
10:47:32.825 [JavaFX Application Thread] INFO  hu.unideb.kgsoft.scrabble.Main - Oracle JDBC driver successfully registered.
10:47:33.336 [JavaFX Application Thread] INFO  hu.unideb.kgsoft.scrabble.Main - Connection to the database created.
10:48:45.061 [JavaFX Application Thread] INFO  hu.unideb.kgsoft.scrabble.Main - Connection to the database created.
10:48:45.099 [JavaFX Application Thread] INFO  hu.unideb.kgsoft.scrabble.Main - User with user name 'gergo' successfully logged in.
10:48:45.340 [JavaFX Application Thread] INFO  hu.unideb.kgsoft.scrabble.Main - Game state updated.
10:48:57.809 [JavaFX Application Thread] INFO  hu.unideb.kgsoft.scrabble.Main - Initializing new game...
10:48:57.812 [JavaFX Application Thread] INFO  hu.unideb.kgsoft.scrabble.Main - Game state updated.
10:49:05.453 [JavaFX Application Thread] INFO  hu.unideb.kgsoft.scrabble.Main - Game state updated.
10:49:08.334 [JavaFX Application Thread] INFO  hu.unideb.kgsoft.scrabble.Main - Game state updated.
10:49:10.133 [JavaFX Application Thread] INFO  hu.unideb.kgsoft.scrabble.Main - Game state updated.
10:49:11.255 [JavaFX Application Thread] INFO  hu.unideb.kgsoft.scrabble.Main - Game state updated.
10:49:20.925 [JavaFX Application Thread] INFO  hu.unideb.kgsoft.scrabble.Main - gergo finished his/her turn by placing tiles on the board.
10:49:20.926 [JavaFX Application Thread] INFO  hu.unideb.kgsoft.scrabble.Main - gergo draws tiles from the bag.
10:49:20.929 [JavaFX Application Thread] INFO  hu.unideb.kgsoft.scrabble.Main - Game state updated.
10:49:20.938 [JavaFX Application Thread] INFO  hu.unideb.kgsoft.scrabble.Main - Computer started thinking...
10:49:22.980 [Thread-4] INFO  hu.unideb.kgsoft.scrabble.Main - Computer played letters [f, o, g, รก, sz] starting from (7, 6), vertically
10:49:22.985 [JavaFX Application Thread] INFO  hu.unideb.kgsoft.scrabble.Main - Computer finished thinking.
10:49:22.985 [JavaFX Application Thread] INFO  hu.unideb.kgsoft.scrabble.Main - Computer finished its turn, by placing letters on board.
10:49:22.986 [JavaFX Application Thread] INFO  hu.unideb.kgsoft.scrabble.Main - Computer draws new tiles from bag.
10:49:22.986 [JavaFX Application Thread] INFO  hu.unideb.kgsoft.scrabble.Main - Game state updated.
10:51:00.189 [JavaFX Application Thread] INFO  hu.unideb.kgsoft.scrabble.Main - Game state updated.
10:51:00.781 [JavaFX Application Thread] INFO  hu.unideb.kgsoft.scrabble.Main - Game state updated.
10:51:11.349 [JavaFX Application Thread] INFO  hu.unideb.kgsoft.scrabble.Main - Game state updated.
10:51:13.109 [JavaFX Application Thread] INFO  hu.unideb.kgsoft.scrabble.Main - Game state updated.
10:51:22.204 [JavaFX Application Thread] INFO  hu.unideb.kgsoft.scrabble.Main - gergo finished his/her turn by placing tiles on the board.
10:51:22.205 [JavaFX Application Thread] INFO  hu.unideb.kgsoft.scrabble.Main - gergo draws tiles from the bag.
10:51:22.207 [JavaFX Application Thread] INFO  hu.unideb.kgsoft.scrabble.Main - Game state updated.
10:51:22.208 [JavaFX Application Thread] INFO  hu.unideb.kgsoft.scrabble.Main - Computer started thinking...
10:51:23.836 [Thread-5] INFO  hu.unideb.kgsoft.scrabble.Main - Computer played letters [k, l, รก, n] starting from (10, 4), horizontally
10:51:23.845 [JavaFX Application Thread] INFO  hu.unideb.kgsoft.scrabble.Main - Computer finished thinking.
10:51:23.845 [JavaFX Application Thread] INFO  hu.unideb.kgsoft.scrabble.Main - Computer finished its turn, by placing letters on board.
10:51:23.846 [JavaFX Application Thread] INFO  hu.unideb.kgsoft.scrabble.Main - Computer draws new tiles from bag.
10:51:23.848 [JavaFX Application Thread] INFO  hu.unideb.kgsoft.scrabble.Main - Game state updated.
10:52:57.820 [hu.unideb.kgsoft.scrabble.Main.main()] INFO  hu.unideb.kgsoft.scrabble.Main - GUI exited.
